2023-10-27 16:59:28,120 - ================================================================================
2023-10-27 16:59:28,120 - EXPERIMENT STARTED
2023-10-27 16:59:28,120 -     namespace:          results/04_inheritance
2023-10-27 16:59:28,120 -     start time:         Friday, October 27, 2023 at 04:59 PM
2023-10-27 16:59:28,120 -     archive path:       /media/ssd/Programming/pycomex/pycomex/examples/results/04_inheritance/27_10_2023__16_59__FsRy
2023-10-27 16:59:28,120 -     debug mode?         False
2023-10-27 16:59:28,120 - ================================================================================
2023-10-27 16:59:28,187 - removing 10 random words
2023-10-27 16:59:28,188 - saved text file with 3894 characters
2023-10-27 16:59:28,189 - saved text file with 3750 characters
2023-10-27 16:59:28,190 - saved text file with 3809 characters
2023-10-27 16:59:28,190 - saved text file with 3828 characters
2023-10-27 16:59:28,191 - saved text file with 3770 characters
2023-10-27 16:59:28,191 - saved text file with 3764 characters
2023-10-27 16:59:28,192 - saved text file with 3746 characters
2023-10-27 16:59:28,193 - saved text file with 3735 characters
2023-10-27 16:59:28,193 - saved text file with 3826 characters
2023-10-27 16:59:28,194 - saved text file with 3779 characters
2023-10-27 16:59:28,194 - We can even use the logging here!
2023-10-27 16:59:28,194 - Number of repetitions done: 10
2023-10-27 16:59:28,196 - ================================================================================
2023-10-27 16:59:28,196 - EXPERIMENT ENDED
2023-10-27 16:59:28,196 -     duration:           0.000 hrs
2023-10-27 16:59:28,196 -     start time:         Friday, October 27, 2023 at 04:59 PM
2023-10-27 16:59:28,196 -     end time:           Friday, October 27, 2023 at 04:59 PM
2023-10-27 16:59:28,196 -     error?              None
2023-10-27 16:59:28,196 -     n/o parameters:     2
2023-10-27 16:59:28,196 -     data size:          0.000 MB
2023-10-27 16:59:28,196 - ================================================================================
2023-10-27 16:59:28,196 - Starting analysis of experiment results
2023-10-27 16:59:28,197 - saved analysis results
2023-10-27 16:59:28,197 - hello from sub experiment analysis!
