2023-10-30 07:30:33,216 - ================================================================================
2023-10-30 07:30:33,216 - EXPERIMENT STARTED
2023-10-30 07:30:33,216 -     namespace:          results/02_basic
2023-10-30 07:30:33,216 -     start time:         Monday, October 30, 2023 at 07:30 AM
2023-10-30 07:30:33,216 -     archive path:       /media/ssd/Programming/pycomex/pycomex/examples/results/02_basic/30_10_2023__07_30__O8Tv
2023-10-30 07:30:33,216 -     debug mode?         False
2023-10-30 07:30:33,216 - ================================================================================
2023-10-30 07:30:33,446 - saved text file with 7588 characters
2023-10-30 07:30:33,447 - saved text file with 7685 characters
2023-10-30 07:30:33,448 - saved text file with 7516 characters
2023-10-30 07:30:33,449 - saved text file with 7680 characters
2023-10-30 07:30:33,451 - saved text file with 7773 characters
2023-10-30 07:30:33,452 - saved text file with 7616 characters
2023-10-30 07:30:33,453 - saved text file with 7619 characters
2023-10-30 07:30:33,455 - saved text file with 7534 characters
2023-10-30 07:30:33,457 - saved text file with 7704 characters
2023-10-30 07:30:33,458 - saved text file with 7542 characters
2023-10-30 07:30:33,462 - ================================================================================
2023-10-30 07:30:33,462 - EXPERIMENT ENDED
2023-10-30 07:30:33,462 -     duration:           0.000 hrs
2023-10-30 07:30:33,462 -     start time:         Monday, October 30, 2023 at 07:30 AM
2023-10-30 07:30:33,462 -     end time:           Monday, October 30, 2023 at 07:30 AM
2023-10-30 07:30:33,462 -     error?              None
2023-10-30 07:30:33,463 -     n/o parameters:     3
2023-10-30 07:30:33,463 -     data size:          0.000 MB
2023-10-30 07:30:33,463 - ================================================================================
