2023-04-28 13:45:05,210 - ================================================================================
2023-04-28 13:45:05,210 - EXPERIMENT STARTED
2023-04-28 13:45:05,211 -     namespace:          results/004_inheritance
2023-04-28 13:45:05,211 -     start time:         Friday, April 28, 2023 at 01:45 PM
2023-04-28 13:45:05,211 -     archive path:       /media/ssd/Programming/pycomex/pycomex/examples/results/004_inheritance/28_04_2023__13_45__bTbc
2023-04-28 13:45:05,211 -     debug mode?         False
2023-04-28 13:45:05,211 - ================================================================================
2023-04-28 13:45:05,475 - removing 10 random words
2023-04-28 13:45:05,476 - saved text file with 3822 characters
2023-04-28 13:45:05,477 - saved text file with 3747 characters
2023-04-28 13:45:05,477 - saved text file with 3827 characters
2023-04-28 13:45:05,478 - saved text file with 3812 characters
2023-04-28 13:45:05,478 - saved text file with 3794 characters
2023-04-28 13:45:05,479 - saved text file with 3848 characters
2023-04-28 13:45:05,479 - saved text file with 3823 characters
2023-04-28 13:45:05,480 - saved text file with 3689 characters
2023-04-28 13:45:05,481 - saved text file with 3770 characters
2023-04-28 13:45:05,481 - saved text file with 3802 characters
2023-04-28 13:45:05,481 - We can even use the logging here!
2023-04-28 13:45:05,481 - Number of repetitions done: 10
2023-04-28 13:45:05,483 - ================================================================================
2023-04-28 13:45:05,483 - EXPERIMENT ENDED
2023-04-28 13:45:05,483 -     duration:           0.000 hrs
2023-04-28 13:45:05,483 -     start time:         Friday, April 28, 2023 at 01:45 PM
2023-04-28 13:45:05,483 -     end time:           Friday, April 28, 2023 at 01:45 PM
2023-04-28 13:45:05,483 -     error?              None
2023-04-28 13:45:05,483 -     n/o parameters:     2
2023-04-28 13:45:05,483 -     data size:          0.000 MB
2023-04-28 13:45:05,483 - ================================================================================
2023-04-28 13:45:05,483 - Starting analysis of experiment results
2023-04-28 13:45:05,484 - saved analysis results
2023-04-28 13:45:05,484 - hello from sub experiment analysis!
