2023-10-24 14:44:25,096 - task_manager_database - INFO - Connected to database: /home/florent/code/flbriand/TELECOM/TODO/Kit_BIG_Data/task_manager.db
2023-10-24 14:44:25,098 - task_manager_database - INFO - Database connection closed
2023-10-24 14:44:25,098 - task_manager_database - INFO - Connected to database: /home/florent/code/flbriand/TELECOM/TODO/Kit_BIG_Data/task_manager.db
2023-10-24 14:44:25,098 - task_manager_database - ERROR - Error creating table: near "INTEGER": syntax error
2023-10-24 14:44:25,099 - task_manager_database - INFO - Database connection closed
2023-10-24 14:44:25,099 - task_manager_database - INFO - Connected to database: /home/florent/code/flbriand/TELECOM/TODO/Kit_BIG_Data/task_manager.db
2023-10-24 14:44:25,099 - task_manager_database - ERROR - Error inserting data: no such table: tasks
2023-10-24 14:44:25,099 - task_manager_database - INFO - Database connection closed
2023-10-25 14:11:38,604 - task_manager_database - INFO - Connected to database: /home/florent/code/flbriand/TELECOM/TODO/Kit_BIG_Data/task_manager.db
2023-10-25 14:11:38,607 - task_manager_database - INFO - Database connection closed
2023-10-25 14:11:38,607 - task_manager_database - INFO - Connected to database: /home/florent/code/flbriand/TELECOM/TODO/Kit_BIG_Data/task_manager.db
2023-10-25 14:11:38,636 - task_manager_database - INFO - Table tasks created successfully
2023-10-25 14:11:38,636 - task_manager_database - INFO - Connected to database: /home/florent/code/flbriand/TELECOM/TODO/Kit_BIG_Data/task_manager.db
2023-10-25 14:11:38,650 - task_manager_database - INFO - Data inserted successfully
2023-10-25 14:11:38,651 - task_manager_database - INFO - Database connection closed
2023-10-25 15:00:54,359 - task_manager_database - INFO - Connected to database: /home/florent/code/flbriand/TELECOM/TODO/Kit_BIG_Data/task_manager.db
2023-10-25 15:00:54,360 - task_manager_database - INFO - Database connection closed
2023-10-25 15:00:54,360 - task_manager_database - INFO - Connected to database: /home/florent/code/flbriand/TELECOM/TODO/Kit_BIG_Data/task_manager.db
2023-10-25 15:00:54,383 - task_manager_database - INFO - Data inserted successfully
2023-10-25 15:00:54,384 - task_manager_database - INFO - Database connection closed
2023-10-25 15:02:52,912 - task_manager_database - INFO - Connected to database: /home/florent/code/flbriand/TELECOM/TODO/Kit_BIG_Data/task_manager.db
2023-10-25 15:02:52,912 - task_manager_database - INFO - Database connection closed
2023-10-25 15:02:52,913 - task_manager_database - INFO - Connected to database: /home/florent/code/flbriand/TELECOM/TODO/Kit_BIG_Data/task_manager.db
2023-10-25 15:02:52,936 - task_manager_database - INFO - Data inserted successfully
2023-10-25 15:02:52,936 - task_manager_database - INFO - Database connection closed
2023-10-25 15:25:52,024 - task_manager_database - INFO - Connected to database: /home/florent/code/flbriand/TELECOM/TODO/Kit_BIG_Data/task_manager.db
2023-10-25 15:25:52,024 - task_manager_database - INFO - Database connection closed
2023-10-25 15:25:52,024 - task_manager_database - INFO - Connected to database: /home/florent/code/flbriand/TELECOM/TODO/Kit_BIG_Data/task_manager.db
2023-10-25 15:25:52,039 - task_manager_database - INFO - Data inserted successfully
2023-10-25 15:25:52,039 - task_manager_database - INFO - Database connection closed
2023-10-25 15:42:19,038 - task_manager_database - INFO - Connected to database: /home/florent/code/flbriand/TELECOM/TODO/Kit_BIG_Data/task_manager.db
2023-10-25 15:42:19,061 - task_manager_database - INFO - Data removed successfully
2023-10-25 15:42:19,062 - task_manager_database - INFO - Database connection closed
2023-10-25 20:07:16,005 - task_manager_database - INFO - Connected to database: /home/florent/code/flbriand/TELECOM/TODO/Kit_BIG_Data/tasks.db
2023-10-25 20:08:53,685 - task_manager_database - INFO - Connected to database: /home/florent/code/flbriand/TELECOM/TODO/Kit_BIG_Data/tasks.db
2023-10-25 20:08:53,685 - task_manager_database - INFO - Database connection closed
2023-10-25 20:08:53,686 - task_manager_database - INFO - Connected to database: /home/florent/code/flbriand/TELECOM/TODO/Kit_BIG_Data/tasks.db
2023-10-25 20:08:53,714 - task_manager_database - INFO - Table tasks created successfully
2023-10-25 20:08:53,715 - task_manager_database - INFO - Connected to database: /home/florent/code/flbriand/TELECOM/TODO/Kit_BIG_Data/tasks.db
2023-10-25 20:08:53,728 - task_manager_database - INFO - Data inserted successfully
2023-10-25 20:08:53,728 - task_manager_database - INFO - Database connection closed
2023-10-26 13:52:20,355 - task_manager_database - INFO - Connected to database: /home/florent/code/flbriand/TELECOM/TODO/Kit_BIG_Data/tasks.db
2023-10-26 13:52:20,356 - task_manager_database - INFO - Database connection closed
2023-10-26 13:59:04,068 - task_manager_database - INFO - Connected to database: /home/florent/code/flbriand/TELECOM/TODO/Kit_BIG_Data/tasks.db
2023-10-26 13:59:04,069 - task_manager_database - INFO - Database connection closed
2023-10-26 14:33:30,387 - task_manager_database - INFO - Connected to database: /home/florent/code/flbriand/TELECOM/TODO/Kit_BIG_Data/tasks.db
2023-10-26 14:33:30,387 - task_manager_database - INFO - Database connection closed
2023-10-26 14:33:30,387 - task_manager_database - INFO - Connected to database: /home/florent/code/flbriand/TELECOM/TODO/Kit_BIG_Data/tasks.db
2023-10-26 14:33:30,409 - task_manager_database - INFO - Data inserted successfully
2023-10-26 14:33:30,409 - task_manager_database - INFO - Database connection closed
2023-10-26 14:34:00,226 - task_manager_database - INFO - Connected to database: /home/florent/code/flbriand/TELECOM/TODO/Kit_BIG_Data/tasks.db
2023-10-26 14:34:00,226 - task_manager_database - INFO - Task completed successfully
2023-10-26 14:34:00,247 - task_manager_database - INFO - Database connection closed
2023-10-26 14:34:15,255 - task_manager_database - INFO - Connected to database: /home/florent/code/flbriand/TELECOM/TODO/Kit_BIG_Data/tasks.db
2023-10-26 14:34:15,256 - task_manager_database - INFO - Data removed successfully
2023-10-26 14:34:15,256 - task_manager_database - INFO - Database connection closed
2023-10-26 14:34:23,290 - task_manager_database - INFO - Connected to database: /home/florent/code/flbriand/TELECOM/TODO/Kit_BIG_Data/tasks.db
2023-10-26 14:34:23,301 - task_manager_database - INFO - Data removed successfully
2023-10-26 14:34:23,301 - task_manager_database - INFO - Database connection closed
2023-10-26 14:35:55,320 - task_manager_database - INFO - Connected to database: /home/florent/code/flbriand/TELECOM/TODO/Kit_BIG_Data/tasks.db
2023-10-26 14:35:55,322 - task_manager_database - INFO - Database connection closed
2023-10-26 14:35:55,322 - task_manager_database - INFO - Connected to database: /home/florent/code/flbriand/TELECOM/TODO/Kit_BIG_Data/tasks.db
2023-10-26 14:35:55,345 - task_manager_database - INFO - Data inserted successfully
2023-10-26 14:35:55,345 - task_manager_database - INFO - Database connection closed
2023-10-26 15:31:14,853 - task_manager_database - INFO - Connected to database: /home/florent/code/flbriand/TELECOM/TODO/Kit_BIG_Data/tasks.db
2023-10-26 15:31:14,856 - task_manager_database - INFO - Database connection closed
2023-10-26 15:31:38,539 - task_manager_database - INFO - Connected to database: /home/florent/code/flbriand/TELECOM/TODO/Kit_BIG_Data/tasks.db
2023-10-26 15:31:38,539 - task_manager_database - INFO - Database connection closed
2023-10-26 15:31:38,540 - task_manager_database - INFO - Connected to database: /home/florent/code/flbriand/TELECOM/TODO/Kit_BIG_Data/tasks.db
2023-10-26 15:31:38,551 - task_manager_database - INFO - Data inserted successfully
2023-10-26 15:31:38,551 - task_manager_database - INFO - Database connection closed
2023-10-26 15:58:43,735 - task_manager_database - INFO - Connected to database: /home/florent/code/flbriand/TELECOM/TODO/Kit_BIG_Data/:memory:
2023-10-26 15:58:43,748 - task_manager_database - INFO - Table tasks created successfully
2023-10-26 15:58:43,749 - task_manager_database - INFO - Database connection closed
2023-10-26 15:58:43,750 - task_manager_database - INFO - Connected to database: /home/florent/code/flbriand/TELECOM/TODO/Kit_BIG_Data/:memory:
2023-10-26 15:58:43,750 - task_manager_database - INFO - Database connection closed
2023-10-26 15:58:43,750 - task_manager_database - INFO - Connected to database: /home/florent/code/flbriand/TELECOM/TODO/Kit_BIG_Data/:memory:
2023-10-26 15:58:43,758 - task_manager_database - INFO - Data inserted successfully
2023-10-26 15:58:43,758 - task_manager_database - INFO - Database connection closed
2023-10-26 15:58:43,789 - task_manager_database - INFO - Connected to database: /home/florent/code/flbriand/TELECOM/TODO/Kit_BIG_Data/task_manager.db
2023-10-26 15:58:43,789 - task_manager_database - INFO - Database connection closed
2023-10-26 15:58:43,789 - task_manager_database - INFO - Connected to database: /home/florent/code/flbriand/TELECOM/TODO/Kit_BIG_Data/task_manager.db
2023-10-26 15:58:43,799 - task_manager_database - INFO - Data inserted successfully
2023-10-26 15:58:43,800 - task_manager_database - INFO - Database connection closed
2023-10-26 15:58:43,815 - task_manager_database - INFO - Connected to database: /home/florent/code/flbriand/TELECOM/TODO/Kit_BIG_Data/task_manager.db
2023-10-26 15:58:43,815 - task_manager_database - INFO - Database connection closed
2023-10-26 15:58:43,815 - task_manager_database - INFO - Connected to database: /home/florent/code/flbriand/TELECOM/TODO/Kit_BIG_Data/task_manager.db
2023-10-26 15:58:43,825 - task_manager_database - INFO - Data inserted successfully
2023-10-26 15:58:43,825 - task_manager_database - INFO - Database connection closed
2023-10-26 15:58:43,829 - task_manager_database - INFO - Connected to database: /home/florent/code/flbriand/TELECOM/TODO/Kit_BIG_Data/task_manager.db
2023-10-26 15:58:43,829 - task_manager_database - INFO - Database connection closed
2023-10-26 15:58:43,829 - task_manager_database - INFO - Connected to database: /home/florent/code/flbriand/TELECOM/TODO/Kit_BIG_Data/task_manager.db
2023-10-26 15:58:43,840 - task_manager_database - INFO - Data inserted successfully
2023-10-26 15:58:43,841 - task_manager_database - INFO - Database connection closed
2023-10-26 15:58:43,844 - task_manager_database - INFO - Connected to database: /home/florent/code/flbriand/TELECOM/TODO/Kit_BIG_Data/task_manager.db
2023-10-26 15:58:43,844 - task_manager_database - INFO - Database connection closed
2023-10-26 15:58:43,844 - task_manager_database - INFO - Connected to database: /home/florent/code/flbriand/TELECOM/TODO/Kit_BIG_Data/task_manager.db
2023-10-26 15:58:43,853 - task_manager_database - INFO - Data inserted successfully
2023-10-26 15:58:43,853 - task_manager_database - INFO - Database connection closed
2023-10-26 15:58:43,855 - task_manager_database - INFO - Connected to database: /home/florent/code/flbriand/TELECOM/TODO/Kit_BIG_Data/task_manager.db
2023-10-26 15:58:43,855 - task_manager_database - INFO - Database connection closed
2023-10-26 15:58:43,855 - task_manager_database - INFO - Connected to database: /home/florent/code/flbriand/TELECOM/TODO/Kit_BIG_Data/task_manager.db
2023-10-26 15:58:43,865 - task_manager_database - INFO - Data inserted successfully
2023-10-26 15:58:43,866 - task_manager_database - INFO - Database connection closed
2023-10-26 15:58:43,869 - task_manager_database - INFO - Connected to database: /home/florent/code/flbriand/TELECOM/TODO/Kit_BIG_Data/task_manager.db
2023-10-26 15:58:43,870 - task_manager_database - INFO - Database connection closed
2023-10-26 15:58:43,870 - task_manager_database - INFO - Connected to database: /home/florent/code/flbriand/TELECOM/TODO/Kit_BIG_Data/task_manager.db
2023-10-26 15:58:43,879 - task_manager_database - INFO - Data inserted successfully
2023-10-26 15:58:43,879 - task_manager_database - INFO - Database connection closed
2023-10-26 15:58:43,882 - task_manager_database - INFO - Connected to database: /home/florent/code/flbriand/TELECOM/TODO/Kit_BIG_Data/task_manager.db
2023-10-26 15:58:43,882 - task_manager_database - INFO - Database connection closed
2023-10-26 15:58:43,882 - task_manager_database - INFO - Connected to database: /home/florent/code/flbriand/TELECOM/TODO/Kit_BIG_Data/task_manager.db
2023-10-26 15:58:43,892 - task_manager_database - INFO - Data inserted successfully
2023-10-26 15:58:43,892 - task_manager_database - INFO - Database connection closed
2023-10-26 18:04:08,654 - task_manager_database - INFO - Connected to database: /home/florent/code/flbriand/TELECOM/TODO/Kit_BIG_Data/tasks.db
2023-10-26 18:04:08,657 - task_manager_database - INFO - Database connection closed
2023-10-26 18:04:13,928 - task_manager_database - INFO - Connected to database: /home/florent/code/flbriand/TELECOM/TODO/Kit_BIG_Data/tasks.db
2023-10-26 18:04:13,928 - task_manager_database - INFO - Database connection closed
2023-10-26 18:04:34,233 - task_manager_database - INFO - Connected to database: /home/florent/code/flbriand/TELECOM/TODO/Kit_BIG_Data/tasks.db
2023-10-26 18:04:34,233 - task_manager_database - INFO - Task completed successfully
2023-10-26 18:04:34,255 - task_manager_database - INFO - Database connection closed
2023-10-26 18:04:39,205 - task_manager_database - INFO - Connected to database: /home/florent/code/flbriand/TELECOM/TODO/Kit_BIG_Data/tasks.db
2023-10-26 18:04:39,205 - task_manager_database - INFO - Database connection closed
2023-10-26 18:05:05,423 - task_manager_database - INFO - Connected to database: /home/florent/code/flbriand/TELECOM/TODO/Kit_BIG_Data/tasks.db
2023-10-26 18:05:05,423 - task_manager_database - INFO - Database connection closed
2023-10-26 18:05:14,419 - task_manager_database - INFO - Connected to database: /home/florent/code/flbriand/TELECOM/TODO/Kit_BIG_Data/tasks.db
2023-10-26 18:05:14,419 - task_manager_database - INFO - Database connection closed
2023-10-26 18:05:14,420 - task_manager_database - INFO - Connected to database: /home/florent/code/flbriand/TELECOM/TODO/Kit_BIG_Data/tasks.db
2023-10-26 18:05:14,420 - task_manager_database - INFO - Task modified successfully
2023-10-26 18:05:14,441 - task_manager_database - INFO - Database connection closed
2023-10-26 18:05:16,470 - task_manager_database - INFO - Connected to database: /home/florent/code/flbriand/TELECOM/TODO/Kit_BIG_Data/tasks.db
2023-10-26 18:05:16,471 - task_manager_database - INFO - Database connection closed
2023-10-26 18:16:33,803 - task_manager_database - INFO - Connected to database: /home/florent/code/flbriand/TELECOM/TODO/Kit_BIG_Data/tasks.db
2023-10-26 18:16:33,804 - task_manager_database - INFO - Database connection closed
2023-10-26 18:16:33,804 - task_manager_database - INFO - Connected to database: /home/florent/code/flbriand/TELECOM/TODO/Kit_BIG_Data/tasks.db
2023-10-26 18:16:33,826 - task_manager_database - INFO - Data inserted successfully
2023-10-26 18:16:33,826 - task_manager_database - INFO - Database connection closed
2023-10-26 18:16:51,900 - task_manager_database - INFO - Connected to database: /home/florent/code/flbriand/TELECOM/TODO/Kit_BIG_Data/tasks.db
2023-10-26 18:16:51,900 - task_manager_database - INFO - Data removed successfully
2023-10-26 18:16:51,901 - task_manager_database - INFO - Database connection closed
2023-10-26 18:24:28,875 - task_manager_database - INFO - Connected to database: /home/florent/code/flbriand/TELECOM/TODO/Kit_BIG_Data/tasks.db
2023-10-26 18:24:28,875 - task_manager_database - INFO - Database connection closed
2023-10-26 18:24:34,996 - task_manager_database - INFO - Connected to database: /home/florent/code/flbriand/TELECOM/TODO/Kit_BIG_Data/tasks.db
2023-10-26 18:24:34,997 - task_manager_database - INFO - Database connection closed
2023-10-26 18:24:41,561 - task_manager_database - INFO - Connected to database: /home/florent/code/flbriand/TELECOM/TODO/Kit_BIG_Data/tasks.db
2023-10-26 18:24:41,561 - task_manager_database - INFO - Database connection closed
2023-10-26 18:24:43,222 - task_manager_database - INFO - Connected to database: /home/florent/code/flbriand/TELECOM/TODO/Kit_BIG_Data/tasks.db
2023-10-26 18:24:43,223 - task_manager_database - INFO - Database connection closed
2023-10-26 18:24:58,416 - task_manager_database - INFO - Connected to database: /home/florent/code/flbriand/TELECOM/TODO/Kit_BIG_Data/tasks.db
2023-10-26 18:24:58,417 - task_manager_database - INFO - Database connection closed
2023-10-26 18:25:03,416 - task_manager_database - INFO - Connected to database: /home/florent/code/flbriand/TELECOM/TODO/Kit_BIG_Data/tasks.db
2023-10-26 18:25:03,416 - task_manager_database - INFO - Database connection closed
2023-10-30 21:33:51,843 - task_manager_database - INFO - Connected to database: /home/florent/code/flbriand/TELECOM/TODO/Kit_BIG_Data/tasks.db
2023-10-30 21:33:51,844 - task_manager_database - INFO - Database connection closed
2023-10-30 21:33:51,844 - task_manager_database - INFO - Connected to database: /home/florent/code/flbriand/TELECOM/TODO/Kit_BIG_Data/tasks.db
2023-10-30 21:33:51,854 - task_manager_database - INFO - Data inserted successfully
2023-10-30 21:33:51,855 - task_manager_database - INFO - Database connection closed
2023-10-30 21:34:36,628 - task_manager_database - INFO - Connected to database: /home/florent/code/flbriand/TELECOM/TODO/Kit_BIG_Data/tasks.db
2023-10-30 21:34:36,629 - task_manager_database - INFO - Database connection closed
2023-10-30 21:34:37,003 - task_manager_database - INFO - Connected to database: /home/florent/code/flbriand/TELECOM/TODO/Kit_BIG_Data/tasks.db
2023-10-30 21:34:37,004 - task_manager_database - INFO - Database connection closed
2023-10-30 21:34:59,699 - task_manager_database - INFO - Connected to database: /home/florent/code/flbriand/TELECOM/TODO/Kit_BIG_Data/tasks.db
2023-10-30 21:34:59,701 - task_manager_database - INFO - Database connection closed
2023-10-30 21:35:03,369 - task_manager_database - INFO - Connected to database: /home/florent/code/flbriand/TELECOM/TODO/Kit_BIG_Data/tasks.db
2023-10-30 21:35:03,369 - task_manager_database - INFO - Database connection closed
2023-10-30 21:35:24,930 - task_manager_database - INFO - Connected to database: /home/florent/code/flbriand/TELECOM/TODO/Kit_BIG_Data/tasks.db
2023-10-30 21:35:24,930 - task_manager_database - INFO - Database connection closed
2023-10-30 21:35:32,793 - task_manager_database - INFO - Connected to database: /home/florent/code/flbriand/TELECOM/TODO/Kit_BIG_Data/tasks.db
2023-10-30 21:35:32,793 - task_manager_database - INFO - Database connection closed
2023-10-30 21:35:32,793 - task_manager_database - INFO - Connected to database: /home/florent/code/flbriand/TELECOM/TODO/Kit_BIG_Data/tasks.db
2023-10-30 21:35:32,793 - task_manager_database - INFO - Task modified successfully
2023-10-30 21:35:32,813 - task_manager_database - INFO - Database connection closed
2023-10-30 21:35:36,166 - task_manager_database - INFO - Connected to database: /home/florent/code/flbriand/TELECOM/TODO/Kit_BIG_Data/tasks.db
2023-10-30 21:35:36,166 - task_manager_database - INFO - Database connection closed
