2023-10-24 14:28:20,015 - user_input - INFO - name input: terminer TODO
2023-10-24 14:28:24,417 - user_input - INFO - description input: blabla
2023-10-24 14:28:32,119 - user_input - INFO - due_date input: 2023-11-01
2023-10-24 14:28:32,121 - user_input - ERROR - Input due date has no valid format
2023-10-24 14:29:10,979 - user_input - INFO - name input: terminer todo
2023-10-24 14:29:13,572 - user_input - INFO - description input: blabla
2023-10-24 14:29:26,332 - user_input - INFO - due_date input: 2023-11-03
2023-10-24 14:29:26,332 - user_input - ERROR - Input due date has no valid format
2023-10-24 14:29:36,964 - user_input - INFO - name input: terminer todo
2023-10-24 14:29:39,036 - user_input - INFO - description input: blabla
2023-10-24 14:31:24,643 - user_input - INFO - due_date input: 2023:11:20
2023-10-24 14:31:24,643 - user_input - ERROR - Input due date has no valid format
2023-10-24 14:36:50,455 - user_input - INFO - name input: teminet odo
2023-10-24 14:36:52,841 - user_input - INFO - description input: blabla
2023-10-24 14:44:12,605 - user_input - INFO - due_date input: 2023-11-20 09:09:09
2023-10-24 14:44:25,095 - user_input - INFO - assignees input: ['Florent - Jaime']
2023-10-25 14:11:19,444 - user_input - INFO - name input: blabla
2023-10-25 14:11:20,937 - user_input - INFO - description input: fkjrf
2023-10-25 14:11:35,693 - user_input - INFO - due_date input: 2023-12-03 01:01:01
2023-10-25 14:11:38,603 - user_input - INFO - assignees input: ['florent']
2023-10-25 14:55:49,489 - user_input - INFO - task_id input to be removed: 1
2023-10-25 14:59:33,034 - user_input - INFO - task_id input to be removed: 1
2023-10-25 15:00:37,723 - user_input - INFO - name input: blabla
2023-10-25 15:00:39,094 - user_input - INFO - description input: fjsrdfr
2023-10-25 15:00:51,664 - user_input - INFO - due_date input: 2023-12-12 01:01:01
2023-10-25 15:00:54,359 - user_input - INFO - assignees input: ['florent']
2023-10-25 15:01:15,561 - user_input - INFO - task_id input to be removed: 1
2023-10-25 15:02:42,842 - user_input - INFO - name input: bierfee
2023-10-25 15:02:43,598 - user_input - INFO - description input: rgfdr
2023-10-25 15:02:50,798 - user_input - INFO - due_date input: 2023-12-12 01:01:01
2023-10-25 15:02:52,911 - user_input - INFO - assignees input: ['firio']
2023-10-25 15:03:15,733 - user_input - INFO - task_id input to be removed: 2
2023-10-25 15:25:01,981 - user_input - INFO - name input: bkjer
2023-10-25 15:25:03,117 - user_input - INFO - description input: ferz
2023-10-25 15:25:19,329 - user_input - INFO - due_date input: 2023-12-12 01:01:01
2023-10-25 15:25:52,023 - user_input - INFO - assignees input: ['lforent']
2023-10-25 15:26:12,142 - user_input - INFO - task_id input to be removed: 2
2023-10-25 15:32:20,143 - user_input - INFO - task_id input to be removed: 2
2023-10-25 15:37:19,429 - user_input - INFO - name input: frf
2023-10-25 15:37:20,167 - user_input - INFO - description input: sef
2023-10-25 15:37:21,805 - user_input - INFO - due_date input: sefs
2023-10-25 15:37:21,808 - user_input - ERROR - Input due date has no valid format
2023-10-25 15:37:30,758 - user_input - INFO - task_id input to be removed: 3
2023-10-25 15:42:19,037 - user_input - INFO - task_id input to be removed: 3
2023-10-26 15:56:56,759 - user_input - INFO - name input: 2
2023-10-26 15:57:12,710 - user_input - INFO - description input: defsrf
2023-10-26 15:57:19,325 - user_input - INFO - due_date input: 11-11-2023
2023-10-26 15:57:19,327 - user_input - ERROR - Input due date has no valid format
