2023-10-27 16:59:13,995 - ================================================================================
2023-10-27 16:59:13,995 - EXPERIMENT STARTED
2023-10-27 16:59:13,995 -     namespace:          results/02_basic
2023-10-27 16:59:13,995 -     start time:         Friday, October 27, 2023 at 04:59 PM
2023-10-27 16:59:13,995 -     archive path:       /media/ssd/Programming/pycomex/pycomex/examples/results/02_basic/27_10_2023__16_59__2fAC
2023-10-27 16:59:13,995 -     debug mode?         False
2023-10-27 16:59:13,995 - ================================================================================
2023-10-27 16:59:14,652 - saved text file with 7570 characters
2023-10-27 16:59:14,654 - saved text file with 7677 characters
2023-10-27 16:59:14,656 - saved text file with 7527 characters
2023-10-27 16:59:14,657 - saved text file with 7495 characters
2023-10-27 16:59:14,658 - saved text file with 7650 characters
2023-10-27 16:59:14,659 - saved text file with 7706 characters
2023-10-27 16:59:14,661 - saved text file with 7523 characters
2023-10-27 16:59:14,662 - saved text file with 7608 characters
2023-10-27 16:59:14,664 - saved text file with 7472 characters
2023-10-27 16:59:14,665 - saved text file with 7465 characters
2023-10-27 16:59:14,668 - ================================================================================
2023-10-27 16:59:14,668 - EXPERIMENT ENDED
2023-10-27 16:59:14,668 -     duration:           0.000 hrs
2023-10-27 16:59:14,668 -     start time:         Friday, October 27, 2023 at 04:59 PM
2023-10-27 16:59:14,668 -     end time:           Friday, October 27, 2023 at 04:59 PM
2023-10-27 16:59:14,668 -     error?              None
2023-10-27 16:59:14,668 -     n/o parameters:     3
2023-10-27 16:59:14,668 -     data size:          0.000 MB
2023-10-27 16:59:14,668 - ================================================================================
