2023-10-27 17:34:28,891 - ================================================================================
2023-10-27 17:34:28,891 - EXPERIMENT STARTED
2023-10-27 17:34:28,891 -     namespace:          results/02_basic
2023-10-27 17:34:28,891 -     start time:         Friday, October 27, 2023 at 05:34 PM
2023-10-27 17:34:28,891 -     archive path:       /media/ssd/Programming/pycomex/pycomex/examples/results/02_basic/27_10_2023__17_34__nbuR
2023-10-27 17:34:28,891 -     debug mode?         False
2023-10-27 17:34:28,891 - ================================================================================
2023-10-27 17:34:29,122 - saved text file with 7491 characters
2023-10-27 17:34:29,123 - saved text file with 7633 characters
2023-10-27 17:34:29,125 - saved text file with 7423 characters
2023-10-27 17:34:29,126 - saved text file with 7334 characters
2023-10-27 17:34:29,128 - saved text file with 7457 characters
2023-10-27 17:34:29,130 - saved text file with 7723 characters
2023-10-27 17:34:29,132 - saved text file with 7603 characters
2023-10-27 17:34:29,134 - saved text file with 7537 characters
2023-10-27 17:34:29,136 - saved text file with 7668 characters
2023-10-27 17:34:29,138 - saved text file with 7373 characters
2023-10-27 17:34:29,141 - ================================================================================
2023-10-27 17:34:29,141 - EXPERIMENT ENDED
2023-10-27 17:34:29,141 -     duration:           0.000 hrs
2023-10-27 17:34:29,141 -     start time:         Friday, October 27, 2023 at 05:34 PM
2023-10-27 17:34:29,141 -     end time:           Friday, October 27, 2023 at 05:34 PM
2023-10-27 17:34:29,141 -     error?              None
2023-10-27 17:34:29,141 -     n/o parameters:     3
2023-10-27 17:34:29,141 -     data size:          0.000 MB
2023-10-27 17:34:29,141 - ================================================================================
