INFO:task_manager_database:Connected to database: /home/florent/code/flbriand/TELECOM/TODO/Kit_BIG_Data/tasks.db
INFO:task_manager_database:Connected to database: /home/florent/code/flbriand/TELECOM/TODO/Kit_BIG_Data/tasks.db
INFO:task_manager_database:Database connection closed
INFO:task_manager_database:Connected to database: /home/florent/code/flbriand/TELECOM/TODO/Kit_BIG_Data/tasks.db
INFO:task_manager_database:Table tasks created successfully
INFO:task_manager_database:Connected to database: /home/florent/code/flbriand/TELECOM/TODO/Kit_BIG_Data/tasks.db
INFO:task_manager_database:Data inserted successfully
INFO:task_manager_database:Database connection closed
INFO:task_manager_database:Connected to database: /home/florent/code/flbriand/TELECOM/TODO/Kit_BIG_Data/tasks.db
INFO:task_manager_database:Database connection closed
INFO:task_manager_database:Connected to database: /home/florent/code/flbriand/TELECOM/TODO/Kit_BIG_Data/tasks.db
INFO:task_manager_database:Database connection closed
INFO:task_manager_database:Connected to database: /home/florent/code/flbriand/TELECOM/TODO/Kit_BIG_Data/tasks.db
INFO:task_manager_database:Data inserted successfully
INFO:task_manager_database:Database connection closed
INFO:task_manager_database:Connected to database: /home/florent/code/flbriand/TELECOM/TODO/Kit_BIG_Data/tasks.db
INFO:task_manager_database:Database connection closed
INFO:task_manager_database:Connected to database: /home/florent/code/flbriand/TELECOM/TODO/Kit_BIG_Data/tasks.db
INFO:task_manager_database:Database connection closed
INFO:task_manager_database:Connected to database: /home/florent/code/flbriand/TELECOM/TODO/Kit_BIG_Data/tasks.db
INFO:task_manager_database:Task completed successfully
INFO:task_manager_database:Database connection closed
INFO:task_manager_database:Connected to database: /home/florent/code/flbriand/TELECOM/TODO/Kit_BIG_Data/tasks.db
INFO:task_manager_database:Database connection closed
INFO:task_manager_database:Connected to database: /home/florent/code/flbriand/TELECOM/TODO/Kit_BIG_Data/tasks.db
INFO:task_manager_database:Database connection closed
INFO:task_manager_database:Connected to database: /home/florent/code/flbriand/TELECOM/TODO/Kit_BIG_Data/tasks.db
INFO:task_manager_database:Database connection closed
INFO:task_manager_database:Connected to database: /home/florent/code/flbriand/TELECOM/TODO/Kit_BIG_Data/tasks.db
INFO:task_manager_database:Task modified successfully
INFO:task_manager_database:Database connection closed
INFO:task_manager_database:Connected to database: /home/florent/code/flbriand/TELECOM/TODO/Kit_BIG_Data/tasks.db
INFO:task_manager_database:Database connection closed
INFO:task_manager_database:Connected to database: /home/florent/code/flbriand/TELECOM/TODO/Kit_BIG_Data/tasks.db
INFO:task_manager_database:Database connection closed
INFO:task_manager_database:Connected to database: /home/florent/code/flbriand/TELECOM/TODO/Kit_BIG_Data/tasks.db
INFO:task_manager_database:Database connection closed
INFO:task_manager_database:Connected to database: /home/florent/code/flbriand/TELECOM/TODO/Kit_BIG_Data/tasks.db
INFO:task_manager_database:Database connection closed
INFO:task_manager_database:Connected to database: /home/florent/code/flbriand/TELECOM/TODO/Kit_BIG_Data/tasks.db
INFO:task_manager_database:Database connection closed
INFO:task_manager_database:Connected to database: /home/florent/code/flbriand/TELECOM/TODO/Kit_BIG_Data/tasks.db
INFO:task_manager_database:Task modified successfully
INFO:task_manager_database:Database connection closed
INFO:task_manager_database:Connected to database: /home/florent/code/flbriand/TELECOM/TODO/Kit_BIG_Data/tasks.db
INFO:task_manager_database:Database connection closed
