2023-10-27 17:34:47,146 - ================================================================================
2023-10-27 17:34:47,146 - EXPERIMENT STARTED
2023-10-27 17:34:47,146 -     namespace:          results/04_inheritance
2023-10-27 17:34:47,146 -     start time:         Friday, October 27, 2023 at 05:34 PM
2023-10-27 17:34:47,146 -     archive path:       /media/ssd/Programming/pycomex/pycomex/examples/results/04_inheritance/27_10_2023__17_34__93tT
2023-10-27 17:34:47,146 -     debug mode?         False
2023-10-27 17:34:47,146 - ================================================================================
2023-10-27 17:34:47,251 - removing 10 random words
2023-10-27 17:34:47,252 - saved text file with 3817 characters
2023-10-27 17:34:47,253 - saved text file with 3743 characters
2023-10-27 17:34:47,254 - saved text file with 3743 characters
2023-10-27 17:34:47,254 - saved text file with 3810 characters
2023-10-27 17:34:47,255 - saved text file with 3707 characters
2023-10-27 17:34:47,256 - saved text file with 3737 characters
2023-10-27 17:34:47,257 - saved text file with 3810 characters
2023-10-27 17:34:47,257 - saved text file with 3764 characters
2023-10-27 17:34:47,258 - saved text file with 3877 characters
2023-10-27 17:34:47,259 - saved text file with 3790 characters
2023-10-27 17:34:47,259 - We can even use the logging here!
2023-10-27 17:34:47,259 - Number of repetitions done: 10
2023-10-27 17:34:47,261 - ================================================================================
2023-10-27 17:34:47,261 - EXPERIMENT ENDED
2023-10-27 17:34:47,261 -     duration:           0.000 hrs
2023-10-27 17:34:47,261 -     start time:         Friday, October 27, 2023 at 05:34 PM
2023-10-27 17:34:47,261 -     end time:           Friday, October 27, 2023 at 05:34 PM
2023-10-27 17:34:47,261 -     error?              None
2023-10-27 17:34:47,261 -     n/o parameters:     2
2023-10-27 17:34:47,261 -     data size:          0.000 MB
2023-10-27 17:34:47,261 - ================================================================================
2023-10-27 17:34:47,261 - Starting analysis of experiment results
2023-10-27 17:34:47,262 - saved analysis results
2023-10-27 17:34:47,262 - hello from sub experiment analysis!
