2023-10-27 17:34:45,867 - ================================================================================
2023-10-27 17:34:45,868 - EXPERIMENT STARTED
2023-10-27 17:34:45,868 -     namespace:          results/03_analysing
2023-10-27 17:34:45,868 -     start time:         Friday, October 27, 2023 at 05:34 PM
2023-10-27 17:34:45,868 -     archive path:       /media/ssd/Programming/pycomex/pycomex/examples/results/03_analysing/27_10_2023__17_34__4qMQ
2023-10-27 17:34:45,868 -     debug mode?         False
2023-10-27 17:34:45,868 - ================================================================================
2023-10-27 17:34:45,934 - saved text file with 7544 characters
2023-10-27 17:34:45,935 - saved text file with 7649 characters
2023-10-27 17:34:45,936 - saved text file with 7643 characters
2023-10-27 17:34:45,938 - saved text file with 7569 characters
2023-10-27 17:34:45,939 - saved text file with 7598 characters
2023-10-27 17:34:45,940 - saved text file with 7523 characters
2023-10-27 17:34:45,941 - saved text file with 7638 characters
2023-10-27 17:34:45,942 - saved text file with 7523 characters
2023-10-27 17:34:45,943 - saved text file with 7445 characters
2023-10-27 17:34:45,945 - saved text file with 7491 characters
2023-10-27 17:34:45,947 - ================================================================================
2023-10-27 17:34:45,947 - EXPERIMENT ENDED
2023-10-27 17:34:45,947 -     duration:           0.000 hrs
2023-10-27 17:34:45,947 -     start time:         Friday, October 27, 2023 at 05:34 PM
2023-10-27 17:34:45,947 -     end time:           Friday, October 27, 2023 at 05:34 PM
2023-10-27 17:34:45,947 -     error?              None
2023-10-27 17:34:45,947 -     n/o parameters:     2
2023-10-27 17:34:45,947 -     data size:          0.000 MB
2023-10-27 17:34:45,947 - ================================================================================
2023-10-27 17:34:45,947 - Starting analysis of experiment results
2023-10-27 17:34:45,947 - saved analysis results
