2023-10-27 16:59:22,813 - ================================================================================
2023-10-27 16:59:22,813 - EXPERIMENT STARTED
2023-10-27 16:59:22,813 -     namespace:          results/03_analysing
2023-10-27 16:59:22,813 -     start time:         Friday, October 27, 2023 at 04:59 PM
2023-10-27 16:59:22,813 -     archive path:       /media/ssd/Programming/pycomex/pycomex/examples/results/03_analysing/27_10_2023__16_59__1uZT
2023-10-27 16:59:22,813 -     debug mode?         False
2023-10-27 16:59:22,813 - ================================================================================
2023-10-27 16:59:22,880 - saved text file with 7594 characters
2023-10-27 16:59:22,881 - saved text file with 7534 characters
2023-10-27 16:59:22,882 - saved text file with 7640 characters
2023-10-27 16:59:22,883 - saved text file with 7574 characters
2023-10-27 16:59:22,884 - saved text file with 7608 characters
2023-10-27 16:59:22,886 - saved text file with 7622 characters
2023-10-27 16:59:22,887 - saved text file with 7532 characters
2023-10-27 16:59:22,888 - saved text file with 7501 characters
2023-10-27 16:59:22,889 - saved text file with 7540 characters
2023-10-27 16:59:22,890 - saved text file with 7597 characters
2023-10-27 16:59:22,892 - ================================================================================
2023-10-27 16:59:22,892 - EXPERIMENT ENDED
2023-10-27 16:59:22,892 -     duration:           0.000 hrs
2023-10-27 16:59:22,892 -     start time:         Friday, October 27, 2023 at 04:59 PM
2023-10-27 16:59:22,892 -     end time:           Friday, October 27, 2023 at 04:59 PM
2023-10-27 16:59:22,892 -     error?              None
2023-10-27 16:59:22,892 -     n/o parameters:     2
2023-10-27 16:59:22,892 -     data size:          0.000 MB
2023-10-27 16:59:22,892 - ================================================================================
2023-10-27 16:59:22,892 - Starting analysis of experiment results
2023-10-27 16:59:22,892 - saved analysis results
